<?xml version="1.0" encoding="UTF-8"?>
<testsuites name="jest tests" tests="1" failures="0" errors="0" time="2.278">
  <testsuite name="Button" errors="0" failures="0" skipped="0" timestamp="2020-11-22T10:34:14" time="1.308" tests="1">
    <testcase classname="Button renders without crashing" name="Button renders without crashing" time="0.022">
    </testcase>
  </testsuite>
</testsuites>