<?xml version="1.0" encoding="UTF-8"?>
<testsuites name="jest tests" tests="1" failures="0" errors="0" time="1.344">
  <testsuite name="Button" errors="0" failures="0" skipped="0" timestamp="2020-11-22T10:48:22" time="0.894" tests="1">
    <testcase classname="Button renders without crashing" name="Button renders without crashing" time="0.021">
    </testcase>
  </testsuite>
</testsuites>